0 info it worked if it ends with ok
1 verbose cli [ 'node', '/usr/local/bin/npm', 'run-script', 'deploy' ]
2 info using npm@3.7.1
3 info using node@v0.12.0
4 verbose run-script [ 'predeploy', 'deploy', 'postdeploy' ]
5 info lifecycle @~predeploy: @
6 silly lifecycle @~predeploy: no script for predeploy, continuing
7 info lifecycle @~deploy: @
8 verbose lifecycle @~deploy: unsafe-perm in lifecycle true
9 verbose lifecycle @~deploy: PATH: /usr/local/lib/node_modules/npm/bin/node-gyp-bin:/Users/a13xemz/Meta+Lab/metaphor/docs/node_modules/.bin:/usr/local/bin:/Applications/MAMP/bin/php/php5.5.9/bin:/Users/a13xemz/.composer/vendor/bin:/usr/local/android-sdk/tools:/usr/local/android-sdk/platform-tools:/usr/local/sbin:/usr/local/bin:/usr/local/bin:/usr/bin:/bin:/usr/sbin:/sbin:/opt/X11/bin:/users/a13xemz/Desktop/platform-tools:/Users/a13xemz/.rvm/bin:/Users/a13xemz/.nexustools
10 verbose lifecycle @~deploy: CWD: /Users/a13xemz/Meta+Lab/metaphor/docs
11 silly lifecycle @~deploy: Args: [ '-c',
11 silly lifecycle   'gulp && jigsaw build production && cd ../ && git add docs/build_production && git commit -m \'Build for production\' && git subtree push --prefix docs/build_production deploy gh-pages' ]
12 silly lifecycle @~deploy: Returned: code: 1  signal: null
13 info lifecycle @~deploy: Failed to exec deploy script
14 verbose stack Error: @ deploy: `gulp && jigsaw build production && cd ../ && git add docs/build_production && git commit -m 'Build for production' && git subtree push --prefix docs/build_production deploy gh-pages`
14 verbose stack Exit status 1
14 verbose stack     at EventEmitter.<anonymous> (/usr/local/lib/node_modules/npm/lib/utils/lifecycle.js:239:16)
14 verbose stack     at EventEmitter.emit (events.js:110:17)
14 verbose stack     at ChildProcess.<anonymous> (/usr/local/lib/node_modules/npm/lib/utils/spawn.js:24:14)
14 verbose stack     at ChildProcess.emit (events.js:110:17)
14 verbose stack     at maybeClose (child_process.js:1008:16)
14 verbose stack     at Process.ChildProcess._handle.onexit (child_process.js:1080:5)
15 verbose pkgid @
16 verbose cwd /Users/a13xemz/Meta+Lab/metaphor/docs
17 error Darwin 16.1.0
18 error argv "node" "/usr/local/bin/npm" "run-script" "deploy"
19 error node v0.12.0
20 error npm  v3.7.1
21 error code ELIFECYCLE
22 error @ deploy: `gulp && jigsaw build production && cd ../ && git add docs/build_production && git commit -m 'Build for production' && git subtree push --prefix docs/build_production deploy gh-pages`
22 error Exit status 1
23 error Failed at the @ deploy script 'gulp && jigsaw build production && cd ../ && git add docs/build_production && git commit -m 'Build for production' && git subtree push --prefix docs/build_production deploy gh-pages'.
23 error Make sure you have the latest version of node.js and npm installed.
23 error If you do, this is most likely a problem with the  package,
23 error not with npm itself.
23 error Tell the author that this fails on your system:
23 error     gulp && jigsaw build production && cd ../ && git add docs/build_production && git commit -m 'Build for production' && git subtree push --prefix docs/build_production deploy gh-pages
23 error You can get information on how to open an issue for this project with:
23 error     npm bugs
23 error Or if that isn't available, you can get their info via:
23 error     npm owner ls
23 error There is likely additional logging output above.
24 verbose exit [ 1, true ]
